events.js:183
      throw er; // Unhandled 'error' event
      ^

Error: listen EACCES 0.0.0.0:80
    at Object._errnoException (util.js:1022:11)
    at _exceptionWithHostPort (util.js:1044:20)
    at Server.setupListenHandle [as _listen2] (net.js:1350:19)
    at listenInCluster (net.js:1408:12)
    at doListen (net.js:1517:7)
    at _combinedTickCallback (internal/process/next_tick.js:141:11)
    at process._tickCallback (internal/process/next_tick.js:180:9)
    at Function.Module.runMain (module.js:695:11)
    at startup (bootstrap_node.js:188:16)
    at bootstrap_node.js:609:3
Starting up http-server, serving ./public
Available on:
  http://127.0.0.1:80
  http://172.31.61.15:80
Hit CTRL-C to stop the server
[Thu May 03 2018 13:23:08 GMT+0000 (UTC)] "GET /" "Mozilla/5.0 (Windows NT 10.0; Win64; x64; rv:59.0) Gecko/20100101 Firefox/59.0"
[Thu May 03 2018 13:23:08 GMT+0000 (UTC)] "GET /js/solclientjs-10.0.0/lib/solclient-debug.js" "Mozilla/5.0 (Windows NT 10.0; Win64; x64; rv:59.0) Gecko/20100101 Firefox/59.0"
[Thu May 03 2018 13:23:08 GMT+0000 (UTC)] "GET /js/solpubsub.js" "Mozilla/5.0 (Windows NT 10.0; Win64; x64; rv:59.0) Gecko/20100101 Firefox/59.0"
[Thu May 03 2018 13:23:08 GMT+0000 (UTC)] "GET /js/env.js" "Mozilla/5.0 (Windows NT 10.0; Win64; x64; rv:59.0) Gecko/20100101 Firefox/59.0"
[Thu May 03 2018 13:23:09 GMT+0000 (UTC)] "GET /images/solace-logo-site-header.png" "Mozilla/5.0 (Windows NT 10.0; Win64; x64; rv:59.0) Gecko/20100101 Firefox/59.0"
[Thu May 03 2018 13:23:09 GMT+0000 (UTC)] "GET /images/demo16.jpg" "Mozilla/5.0 (Windows NT 10.0; Win64; x64; rv:59.0) Gecko/20100101 Firefox/59.0"
[Thu May 03 2018 13:23:10 GMT+0000 (UTC)] "GET /favicon.ico" "Mozilla/5.0 (Windows NT 10.0; Win64; x64; rv:59.0) Gecko/20100101 Firefox/59.0"
[Thu May 03 2018 13:23:10 GMT+0000 (UTC)] "GET /favicon.ico" Error (404): "Not found"
[Thu May 03 2018 13:23:10 GMT+0000 (UTC)] "GET /favicon.ico" "Mozilla/5.0 (Windows NT 10.0; Win64; x64; rv:59.0) Gecko/20100101 Firefox/59.0"
[Thu May 03 2018 13:23:10 GMT+0000 (UTC)] "GET /favicon.ico" Error (404): "Not found"
[Thu May 03 2018 13:23:21 GMT+0000 (UTC)] "GET /dd-controller/game.html" "Mozilla/5.0 (Windows NT 10.0; Win64; x64; rv:59.0) Gecko/20100101 Firefox/59.0"
[Thu May 03 2018 13:23:21 GMT+0000 (UTC)] "GET /dd-controller/env.js" "Mozilla/5.0 (Windows NT 10.0; Win64; x64; rv:59.0) Gecko/20100101 Firefox/59.0"
[Thu May 03 2018 13:23:21 GMT+0000 (UTC)] "GET /dd-controller/solclientjs-10.0.0/lib/solclient-debug.js" "Mozilla/5.0 (Windows NT 10.0; Win64; x64; rv:59.0) Gecko/20100101 Firefox/59.0"
[Thu May 03 2018 13:23:21 GMT+0000 (UTC)] "GET /dd-controller/gamefiles/UnityLoader.js" "Mozilla/5.0 (Windows NT 10.0; Win64; x64; rv:59.0) Gecko/20100101 Firefox/59.0"
[Thu May 03 2018 13:23:21 GMT+0000 (UTC)] "GET /dd-controller/solpubsub.js" "Mozilla/5.0 (Windows NT 10.0; Win64; x64; rv:59.0) Gecko/20100101 Firefox/59.0"
[Thu May 03 2018 13:23:21 GMT+0000 (UTC)] "GET /dd-controller/controller.js" "Mozilla/5.0 (Windows NT 10.0; Win64; x64; rv:59.0) Gecko/20100101 Firefox/59.0"
[Thu May 03 2018 13:23:22 GMT+0000 (UTC)] "GET /dd-controller/gamefiles/demolishderby2.json" "Mozilla/5.0 (Windows NT 10.0; Win64; x64; rv:59.0) Gecko/20100101 Firefox/59.0"
[Thu May 03 2018 13:23:22 GMT+0000 (UTC)] "GET /dd-controller/gamefiles/demolishderby2.wasm.code.unityweb" "Mozilla/5.0 (Windows NT 10.0; Win64; x64; rv:59.0) Gecko/20100101 Firefox/59.0"
[Thu May 03 2018 13:23:22 GMT+0000 (UTC)] "GET /dd-controller/gamefiles/demolishderby2.wasm.framework.unityweb" "Mozilla/5.0 (Windows NT 10.0; Win64; x64; rv:59.0) Gecko/20100101 Firefox/59.0"
[Thu May 03 2018 13:23:22 GMT+0000 (UTC)] "GET /dd-controller/gamefiles/demolishderby2.data.unityweb" "Mozilla/5.0 (Windows NT 10.0; Win64; x64; rv:59.0) Gecko/20100101 Firefox/59.0"
[Thu May 03 2018 13:24:24 GMT+0000 (UTC)] "GET /dd-controller/game.html" "Mozilla/5.0 (Windows NT 10.0; Win64; x64) AppleWebKit/537.36 (KHTML, like Gecko) Chrome/66.0.3359.139 Safari/537.36"
[Thu May 03 2018 13:24:24 GMT+0000 (UTC)] "GET /dd-controller/solclientjs-10.0.0/lib/solclient-debug.js" "Mozilla/5.0 (Windows NT 10.0; Win64; x64) AppleWebKit/537.36 (KHTML, like Gecko) Chrome/66.0.3359.139 Safari/537.36"
[Thu May 03 2018 13:24:24 GMT+0000 (UTC)] "GET /dd-controller/env.js" "Mozilla/5.0 (Windows NT 10.0; Win64; x64) AppleWebKit/537.36 (KHTML, like Gecko) Chrome/66.0.3359.139 Safari/537.36"
[Thu May 03 2018 13:24:24 GMT+0000 (UTC)] "GET /dd-controller/gamefiles/UnityLoader.js" "Mozilla/5.0 (Windows NT 10.0; Win64; x64) AppleWebKit/537.36 (KHTML, like Gecko) Chrome/66.0.3359.139 Safari/537.36"
[Thu May 03 2018 13:24:24 GMT+0000 (UTC)] "GET /dd-controller/solpubsub.js" "Mozilla/5.0 (Windows NT 10.0; Win64; x64) AppleWebKit/537.36 (KHTML, like Gecko) Chrome/66.0.3359.139 Safari/537.36"
[Thu May 03 2018 13:24:24 GMT+0000 (UTC)] "GET /dd-controller/controller.js" "Mozilla/5.0 (Windows NT 10.0; Win64; x64) AppleWebKit/537.36 (KHTML, like Gecko) Chrome/66.0.3359.139 Safari/537.36"
[Thu May 03 2018 13:24:25 GMT+0000 (UTC)] "GET /dd-controller/gamefiles/demolishderby2.json" "Mozilla/5.0 (Windows NT 10.0; Win64; x64) AppleWebKit/537.36 (KHTML, like Gecko) Chrome/66.0.3359.139 Safari/537.36"
[Thu May 03 2018 13:24:25 GMT+0000 (UTC)] "GET /dd-controller/gamefiles/demolishderby2.wasm.code.unityweb" "Mozilla/5.0 (Windows NT 10.0; Win64; x64) AppleWebKit/537.36 (KHTML, like Gecko) Chrome/66.0.3359.139 Safari/537.36"
[Thu May 03 2018 13:24:25 GMT+0000 (UTC)] "GET /favicon.ico" "Mozilla/5.0 (Windows NT 10.0; Win64; x64) AppleWebKit/537.36 (KHTML, like Gecko) Chrome/66.0.3359.139 Safari/537.36"
[Thu May 03 2018 13:24:25 GMT+0000 (UTC)] "GET /favicon.ico" Error (404): "Not found"
[Thu May 03 2018 13:24:25 GMT+0000 (UTC)] "GET /dd-controller/gamefiles/demolishderby2.wasm.framework.unityweb" "Mozilla/5.0 (Windows NT 10.0; Win64; x64) AppleWebKit/537.36 (KHTML, like Gecko) Chrome/66.0.3359.139 Safari/537.36"
[Thu May 03 2018 13:24:25 GMT+0000 (UTC)] "GET /dd-controller/gamefiles/demolishderby2.data.unityweb" "Mozilla/5.0 (Windows NT 10.0; Win64; x64) AppleWebKit/537.36 (KHTML, like Gecko) Chrome/66.0.3359.139 Safari/537.36"
[Thu May 03 2018 13:24:48 GMT+0000 (UTC)] "GET /" "Mozilla/5.0 (Android 8.0.0; Mobile; rv:61.0) Gecko/61.0 Firefox/61.0"
[Thu May 03 2018 13:24:48 GMT+0000 (UTC)] "GET /js/solclientjs-10.0.0/lib/solclient-debug.js" "Mozilla/5.0 (Android 8.0.0; Mobile; rv:61.0) Gecko/61.0 Firefox/61.0"
[Thu May 03 2018 13:24:48 GMT+0000 (UTC)] "GET /js/solpubsub.js" "Mozilla/5.0 (Android 8.0.0; Mobile; rv:61.0) Gecko/61.0 Firefox/61.0"
[Thu May 03 2018 13:24:48 GMT+0000 (UTC)] "GET /js/env.js" "Mozilla/5.0 (Android 8.0.0; Mobile; rv:61.0) Gecko/61.0 Firefox/61.0"
[Thu May 03 2018 13:24:49 GMT+0000 (UTC)] "GET /images/solace-logo-site-header.png" "Mozilla/5.0 (Android 8.0.0; Mobile; rv:61.0) Gecko/61.0 Firefox/61.0"
[Thu May 03 2018 13:24:49 GMT+0000 (UTC)] "GET /images/demo16.jpg" "Mozilla/5.0 (Android 8.0.0; Mobile; rv:61.0) Gecko/61.0 Firefox/61.0"
[Thu May 03 2018 13:24:50 GMT+0000 (UTC)] "GET /favicon.ico" "Mozilla/5.0 (Android 8.0.0; Mobile; rv:61.0a1) Gecko/61.0a1 Firefox/61.0a1"
[Thu May 03 2018 13:24:50 GMT+0000 (UTC)] "GET /favicon.ico" Error (404): "Not found"
[Thu May 03 2018 13:37:09 GMT+0000 (UTC)] "GET /dd-controller/game.html" "Mozilla/5.0 (Windows NT 10.0; Win64; x64) AppleWebKit/537.36 (KHTML, like Gecko) Chrome/66.0.3359.139 Safari/537.36"
[Thu May 03 2018 13:37:10 GMT+0000 (UTC)] "GET /dd-controller/gamefiles/demolishderby2.data.unityweb" "Mozilla/5.0 (Windows NT 10.0; Win64; x64) AppleWebKit/537.36 (KHTML, like Gecko) Chrome/66.0.3359.139 Safari/537.36"
[Thu May 03 2018 13:37:43 GMT+0000 (UTC)] "GET /js/solclientjs-10.0.0/lib/solclient-debug.js" "Mozilla/5.0 (Android 8.0.0; Mobile; rv:61.0) Gecko/61.0 Firefox/61.0"
[Thu May 03 2018 13:43:10 GMT+0000 (UTC)] "GET /dd-controller/gamefiles/demolishderby2.data.unityweb" "Mozilla/5.0 (Windows NT 10.0; Win64; x64) AppleWebKit/537.36 (KHTML, like Gecko) Chrome/66.0.3359.139 Safari/537.36"
[Thu May 03 2018 13:43:10 GMT+0000 (UTC)] "GET /favicon.ico" "Mozilla/5.0 (Windows NT 10.0; Win64; x64) AppleWebKit/537.36 (KHTML, like Gecko) Chrome/66.0.3359.139 Safari/537.36"
[Thu May 03 2018 13:43:10 GMT+0000 (UTC)] "GET /favicon.ico" Error (404): "Not found"
[Thu May 03 2018 13:46:35 GMT+0000 (UTC)] "GET /dd-controller/game.html" "Slackbot-LinkExpanding 1.0 (+https://api.slack.com/robots)"
[Thu May 03 2018 13:46:35 GMT+0000 (UTC)] "GET /favicon.ico" "Slackbot-LinkExpanding 1.0 (+https://api.slack.com/robots)"
[Thu May 03 2018 13:46:35 GMT+0000 (UTC)] "GET /favicon.ico" Error (404): "Not found"
[Thu May 03 2018 13:47:12 GMT+0000 (UTC)] "GET /dd-controller/game.html" "Mozilla/5.0 (Macintosh; Intel Mac OS X 10_13_4) AppleWebKit/605.1.15 (KHTML, like Gecko) Version/11.1 Safari/605.1.15"
[Thu May 03 2018 13:47:12 GMT+0000 (UTC)] "GET /dd-controller/solclientjs-10.0.0/lib/solclient-debug.js" "Mozilla/5.0 (Macintosh; Intel Mac OS X 10_13_4) AppleWebKit/605.1.15 (KHTML, like Gecko) Version/11.1 Safari/605.1.15"
[Thu May 03 2018 13:47:12 GMT+0000 (UTC)] "GET /dd-controller/solpubsub.js" "Mozilla/5.0 (Macintosh; Intel Mac OS X 10_13_4) AppleWebKit/605.1.15 (KHTML, like Gecko) Version/11.1 Safari/605.1.15"
[Thu May 03 2018 13:47:12 GMT+0000 (UTC)] "GET /dd-controller/gamefiles/UnityLoader.js" "Mozilla/5.0 (Macintosh; Intel Mac OS X 10_13_4) AppleWebKit/605.1.15 (KHTML, like Gecko) Version/11.1 Safari/605.1.15"
[Thu May 03 2018 13:47:12 GMT+0000 (UTC)] "GET /dd-controller/controller.js" "Mozilla/5.0 (Macintosh; Intel Mac OS X 10_13_4) AppleWebKit/605.1.15 (KHTML, like Gecko) Version/11.1 Safari/605.1.15"
[Thu May 03 2018 13:47:12 GMT+0000 (UTC)] "GET /dd-controller/env.js" "Mozilla/5.0 (Macintosh; Intel Mac OS X 10_13_4) AppleWebKit/605.1.15 (KHTML, like Gecko) Version/11.1 Safari/605.1.15"
[Thu May 03 2018 13:47:13 GMT+0000 (UTC)] "GET /dd-controller/gamefiles/demolishderby2.json" "Mozilla/5.0 (Macintosh; Intel Mac OS X 10_13_4) AppleWebKit/605.1.15 (KHTML, like Gecko) Version/11.1 Safari/605.1.15"
[Thu May 03 2018 13:47:13 GMT+0000 (UTC)] "GET /favicon.ico" "Mozilla/5.0 (Macintosh; Intel Mac OS X 10_13_4) AppleWebKit/605.1.15 (KHTML, like Gecko) Version/11.1 Safari/605.1.15"
[Thu May 03 2018 13:47:13 GMT+0000 (UTC)] "GET /favicon.ico" Error (404): "Not found"
[Thu May 03 2018 13:47:13 GMT+0000 (UTC)] "GET /dd-controller/gamefiles/demolishderby2.wasm.framework.unityweb" "Mozilla/5.0 (Macintosh; Intel Mac OS X 10_13_4) AppleWebKit/605.1.15 (KHTML, like Gecko) Version/11.1 Safari/605.1.15"
[Thu May 03 2018 13:47:13 GMT+0000 (UTC)] "GET /dd-controller/gamefiles/demolishderby2.wasm.code.unityweb" "Mozilla/5.0 (Macintosh; Intel Mac OS X 10_13_4) AppleWebKit/605.1.15 (KHTML, like Gecko) Version/11.1 Safari/605.1.15"
[Thu May 03 2018 13:47:13 GMT+0000 (UTC)] "GET /dd-controller/gamefiles/demolishderby2.data.unityweb" "Mozilla/5.0 (Macintosh; Intel Mac OS X 10_13_4) AppleWebKit/605.1.15 (KHTML, like Gecko) Version/11.1 Safari/605.1.15"
[Thu May 03 2018 13:47:47 GMT+0000 (UTC)] "GET /dd-controller/game.html" "Mozilla/5.0 (Macintosh; Intel Mac OS X 10_13_4) AppleWebKit/537.36 (KHTML, like Gecko) Chrome/65.0.3325.181 Safari/537.36"
[Thu May 03 2018 13:47:47 GMT+0000 (UTC)] "GET /dd-controller/solclientjs-10.0.0/lib/solclient-debug.js" "Mozilla/5.0 (Macintosh; Intel Mac OS X 10_13_4) AppleWebKit/537.36 (KHTML, like Gecko) Chrome/65.0.3325.181 Safari/537.36"
[Thu May 03 2018 13:47:47 GMT+0000 (UTC)] "GET /dd-controller/env.js" "Mozilla/5.0 (Macintosh; Intel Mac OS X 10_13_4) AppleWebKit/537.36 (KHTML, like Gecko) Chrome/65.0.3325.181 Safari/537.36"
[Thu May 03 2018 13:47:47 GMT+0000 (UTC)] "GET /dd-controller/gamefiles/UnityLoader.js" "Mozilla/5.0 (Macintosh; Intel Mac OS X 10_13_4) AppleWebKit/537.36 (KHTML, like Gecko) Chrome/65.0.3325.181 Safari/537.36"
[Thu May 03 2018 13:47:47 GMT+0000 (UTC)] "GET /dd-controller/solpubsub.js" "Mozilla/5.0 (Macintosh; Intel Mac OS X 10_13_4) AppleWebKit/537.36 (KHTML, like Gecko) Chrome/65.0.3325.181 Safari/537.36"
[Thu May 03 2018 13:47:47 GMT+0000 (UTC)] "GET /dd-controller/controller.js" "Mozilla/5.0 (Macintosh; Intel Mac OS X 10_13_4) AppleWebKit/537.36 (KHTML, like Gecko) Chrome/65.0.3325.181 Safari/537.36"
[Thu May 03 2018 13:47:47 GMT+0000 (UTC)] "GET /dd-controller/gamefiles/demolishderby2.json" "Mozilla/5.0 (Macintosh; Intel Mac OS X 10_13_4) AppleWebKit/537.36 (KHTML, like Gecko) Chrome/65.0.3325.181 Safari/537.36"
[Thu May 03 2018 13:47:48 GMT+0000 (UTC)] "GET /dd-controller/gamefiles/demolishderby2.wasm.code.unityweb" "Mozilla/5.0 (Macintosh; Intel Mac OS X 10_13_4) AppleWebKit/537.36 (KHTML, like Gecko) Chrome/65.0.3325.181 Safari/537.36"
[Thu May 03 2018 13:47:48 GMT+0000 (UTC)] "GET /dd-controller/gamefiles/demolishderby2.wasm.framework.unityweb" "Mozilla/5.0 (Macintosh; Intel Mac OS X 10_13_4) AppleWebKit/537.36 (KHTML, like Gecko) Chrome/65.0.3325.181 Safari/537.36"
[Thu May 03 2018 13:47:48 GMT+0000 (UTC)] "GET /favicon.ico" "Mozilla/5.0 (Macintosh; Intel Mac OS X 10_13_4) AppleWebKit/537.36 (KHTML, like Gecko) Chrome/65.0.3325.181 Safari/537.36"
[Thu May 03 2018 13:47:48 GMT+0000 (UTC)] "GET /favicon.ico" Error (404): "Not found"
[Thu May 03 2018 13:47:48 GMT+0000 (UTC)] "GET /dd-controller/gamefiles/demolishderby2.data.unityweb" "Mozilla/5.0 (Macintosh; Intel Mac OS X 10_13_4) AppleWebKit/537.36 (KHTML, like Gecko) Chrome/65.0.3325.181 Safari/537.36"
[Thu May 03 2018 13:54:08 GMT+0000 (UTC)] "GET /favicon.ico" "Mozilla/5.0 (Windows NT 10.0; Win64; x64; rv:59.0) Gecko/20100101 Firefox/59.0"
[Thu May 03 2018 13:54:08 GMT+0000 (UTC)] "GET /favicon.ico" Error (404): "Not found"
[Thu May 03 2018 13:54:08 GMT+0000 (UTC)] "GET /dd-controller/gamefiles/demolishderby2.data.unityweb" "Mozilla/5.0 (Windows NT 10.0; Win64; x64; rv:59.0) Gecko/20100101 Firefox/59.0"
[Thu May 03 2018 13:54:08 GMT+0000 (UTC)] "GET /favicon.ico" "Mozilla/5.0 (Windows NT 10.0; Win64; x64; rv:59.0) Gecko/20100101 Firefox/59.0"
[Thu May 03 2018 13:54:08 GMT+0000 (UTC)] "GET /favicon.ico" Error (404): "Not found"
[Thu May 03 2018 13:55:49 GMT+0000 (UTC)] "GET /dd-controller/gamefiles/demolishderby2.data.unityweb" "Mozilla/5.0 (Windows NT 10.0; Win64; x64) AppleWebKit/537.36 (KHTML, like Gecko) Chrome/66.0.3359.139 Safari/537.36"
[Thu May 03 2018 13:55:49 GMT+0000 (UTC)] "GET /favicon.ico" "Mozilla/5.0 (Windows NT 10.0; Win64; x64) AppleWebKit/537.36 (KHTML, like Gecko) Chrome/66.0.3359.139 Safari/537.36"
[Thu May 03 2018 13:55:49 GMT+0000 (UTC)] "GET /favicon.ico" Error (404): "Not found"
[Thu May 03 2018 13:58:19 GMT+0000 (UTC)] "GET /" "Mozilla/5.0 (Windows NT 10.0; Win64; x64) AppleWebKit/537.36 (KHTML, like Gecko) Chrome/63.0.3239.132 Safari/537.36"
[Thu May 03 2018 13:58:19 GMT+0000 (UTC)] "GET /" "Mozilla/5.0 (Windows NT 10.0; Win64; x64) AppleWebKit/537.36 (KHTML, like Gecko) Chrome/63.0.3239.132 Safari/537.36"
[Thu May 03 2018 13:58:20 GMT+0000 (UTC)] "GET /" "Mozilla/5.0 (Windows NT 10.0; Win64; x64) AppleWebKit/537.36 (KHTML, like Gecko) Chrome/63.0.3239.132 Safari/537.36"
[Thu May 03 2018 13:58:20 GMT+0000 (UTC)] "GET /" "Mozilla/5.0 (Windows NT 10.0; Win64; x64) AppleWebKit/537.36 (KHTML, like Gecko) Chrome/63.0.3239.132 Safari/537.36"
[Thu May 03 2018 13:58:45 GMT+0000 (UTC)] "GET /" "Mozilla/5.0 (Windows NT 10.0; Win64; x64) AppleWebKit/537.36 (KHTML, like Gecko) Chrome/63.0.3239.132 Safari/537.36"
[Thu May 03 2018 13:58:45 GMT+0000 (UTC)] "GET /" "Mozilla/5.0 (Windows NT 10.0; Win64; x64) AppleWebKit/537.36 (KHTML, like Gecko) Chrome/63.0.3239.132 Safari/537.36"
[Thu May 03 2018 13:58:46 GMT+0000 (UTC)] "GET /" "Mozilla/5.0 (Windows NT 10.0; Win64; x64) AppleWebKit/537.36 (KHTML, like Gecko) Chrome/63.0.3239.132 Safari/537.36"
[Thu May 03 2018 13:58:46 GMT+0000 (UTC)] "GET /" "Mozilla/5.0 (Windows NT 10.0; Win64; x64) AppleWebKit/537.36 (KHTML, like Gecko) Chrome/63.0.3239.132 Safari/537.36"
[Thu May 03 2018 13:58:46 GMT+0000 (UTC)] "GET /Diagnostics.asp" "Mozilla/5.0 (Windows NT 10.0; Win64; x64) AppleWebKit/537.36 (KHTML, like Gecko) Chrome/63.0.3239.132 Safari/537.36"
[Thu May 03 2018 13:58:46 GMT+0000 (UTC)] "GET /Diagnostics.asp" Error (404): "Not found"
[Thu May 03 2018 13:59:10 GMT+0000 (UTC)] "GET /dd-controller/gamefiles/demolishderby2.data.unityweb" "Mozilla/5.0 (Macintosh; Intel Mac OS X 10_13_4) AppleWebKit/537.36 (KHTML, like Gecko) Chrome/65.0.3325.181 Safari/537.36"
[Thu May 03 2018 14:00:17 GMT+0000 (UTC)] "GET /dd-controller/gamefiles/demolishderby2.data.unityweb" "Mozilla/5.0 (Macintosh; Intel Mac OS X 10_13_4) AppleWebKit/605.1.15 (KHTML, like Gecko) Version/11.1 Safari/605.1.15"
